<?xml version="1.0" encoding="UTF-8"?>
<!-- Generated by org.testng.reporters.JUnitReportReporter -->
<testsuite hostname="Tamizhselvi" failures="0" tests="7" name="TestCases.FlightSearch" time="63.096" errors="0" timestamp="2023-12-07T15:05:39 IST" skipped="0">
  <testcase classname="TestCases.FlightSearch" name="ProvidePassengerDetails" time="9.152"/>
  <testcase classname="TestCases.FlightSearch" name="ProvideInvoiceDetails" time="6.774"/>
  <testcase classname="TestCases.FlightSearch" name="SelectAddOnOptions" time="6.376"/>
  <testcase classname="TestCases.FlightSearch" name="SelectionOfSeatAndMeal" time="9.951"/>
  <testcase classname="TestCases.FlightSearch" name="bookAFlight" time="5.741"/>
  <testcase classname="TestCases.FlightSearch" name="SearchWithValidValues" time="23.298"/>
  <testcase classname="TestCases.FlightSearch" name="selectTripSecureOption" time="1.804"/>
</testsuite> <!-- TestCases.FlightSearch -->
